<?xml version="1.0" encoding="UTF-8"?>
<testng-results ignored="0" total="1" passed="1" failed="0" skipped="0">
  <reporter-output>
  </reporter-output>
  <suite started-at="2024-06-06T16:20:22Z" name="Suite" finished-at="2024-06-06T16:20:40Z" duration-ms="17650">
    <groups>
    </groups>
    <test started-at="2024-06-06T16:20:22Z" name="Test" finished-at="2024-06-06T16:20:40Z" duration-ms="17650">
      <class name="demopackage.seleniumtest">
        <test-method is-config="true" signature="initbrowser()[pri:0, instance:demopackage.seleniumtest@934b6cb]" started-at="2024-06-06T16:20:22Z" name="initbrowser" finished-at="2024-06-06T16:20:22Z" duration-ms="42" status="PASS">
          <reporter-output>
          </reporter-output>
        </test-method> <!-- initbrowser -->
        <test-method signature="test1()[pri:0, instance:demopackage.seleniumtest@934b6cb]" started-at="2024-06-06T16:20:22Z" name="test1" finished-at="2024-06-06T16:20:37Z" duration-ms="15232" status="PASS">
          <reporter-output>
          </reporter-output>
        </test-method> <!-- test1 -->
        <test-method is-config="true" signature="quit()[pri:0, instance:demopackage.seleniumtest@934b6cb]" started-at="2024-06-06T16:20:37Z" name="quit" finished-at="2024-06-06T16:20:40Z" duration-ms="2295" status="PASS">
          <reporter-output>
          </reporter-output>
        </test-method> <!-- quit -->
      </class> <!-- demopackage.seleniumtest -->
    </test> <!-- Test -->
  </suite> <!-- Suite -->
</testng-results>
