<?xml version="1.0" encoding="UTF-8"?>
<testng-results skipped="0" failed="0" ignored="0" total="1" passed="1">
  <reporter-output>
  </reporter-output>
  <suite name="Suite" duration-ms="15946" started-at="2024-06-13T18:49:58Z" finished-at="2024-06-13T18:50:14Z">
    <groups>
    </groups>
    <test name="Test" duration-ms="15946" started-at="2024-06-13T18:49:58Z" finished-at="2024-06-13T18:50:14Z">
      <class name="demopackage.seleniumtest">
        <test-method status="PASS" signature="initbrowser()[pri:0, instance:demopackage.seleniumtest@d83da2e]" name="initbrowser" is-config="true" duration-ms="22" started-at="2024-06-13T18:49:58Z" finished-at="2024-06-13T18:49:58Z">
          <reporter-output>
          </reporter-output>
        </test-method> <!-- initbrowser -->
        <test-method status="PASS" signature="test1()[pri:0, instance:demopackage.seleniumtest@d83da2e]" name="test1" duration-ms="14788" started-at="2024-06-13T18:49:58Z" finished-at="2024-06-13T18:50:13Z">
          <reporter-output>
          </reporter-output>
        </test-method> <!-- test1 -->
        <test-method status="PASS" signature="quit()[pri:0, instance:demopackage.seleniumtest@d83da2e]" name="quit" is-config="true" duration-ms="1105" started-at="2024-06-13T18:50:13Z" finished-at="2024-06-13T18:50:14Z">
          <reporter-output>
          </reporter-output>
        </test-method> <!-- quit -->
      </class> <!-- demopackage.seleniumtest -->
    </test> <!-- Test -->
  </suite> <!-- Suite -->
</testng-results>
